<?xml version="1.0" encoding="utf-8"?><testsuites name="pytest tests"><testsuite name="pytest" errors="0" failures="0" skipped="0" tests="12" time="2.459" timestamp="2026-03-26T10:37:46.292513+00:00" hostname="agent-env-52083b9a-14c8-48ab-b7da-f56d5aac8948"><testcase classname="backend.tests.test_aligna_api.TestAuth" name="test_get_me" time="0.280" /><testcase classname="backend.tests.test_aligna_api.TestAuth" name="test_get_me_no_auth" time="0.134" /><testcase classname="backend.tests.test_aligna_api.TestGoals" name="test_get_goals" time="0.102" /><testcase classname="backend.tests.test_aligna_api.TestGoals" name="test_create_goal" time="0.302" /><testcase classname="backend.tests.test_aligna_api.TestGoals" name="test_goal_limit_free_plan" time="0.231" /><testcase classname="backend.tests.test_aligna_api.TestGoals" name="test_delete_goal" time="0.202" /><testcase classname="backend.tests.test_aligna_api.TestRituals" name="test_get_today_rituals" time="0.337" /><testcase classname="backend.tests.test_aligna_api.TestRituals" name="test_create_ritual_entry" time="0.202" /><testcase classname="backend.tests.test_aligna_api.TestRituals" name="test_ritual_wrong_writing_count" time="0.185" /><testcase classname="backend.tests.test_aligna_api.TestProgress" name="test_get_streak" time="0.120" /><testcase classname="backend.tests.test_aligna_api.TestProgress" name="test_get_calendar" time="0.127" /><testcase classname="backend.tests.test_aligna_api.TestPayments" name="test_get_subscription" time="0.096" /></testsuite></testsuites>